This is pdfTeX, Version 3.141592653-2.6-1.40.23 (MiKTeX 21.7) (preloaded format=pdflatex 2021.7.27)  29 JUL 2021 20:28
entering extended mode
**./final_report.tex
(final_report.tex
LaTeX2e <2021-06-01> patch level 1
L3 programming layer <2021-07-12>
(C:\Users\prave\AppData\Local\Programs\MiKTeX\tex/latex/base\article.cls
Document Class: article 2021/02/12 v1.4n Standard LaTeX document class
(C:\Users\prave\AppData\Local\Programs\MiKTeX\tex/latex/base\size10.clo
File: size10.clo 2021/02/12 v1.4n Standard LaTeX file (size option)
)
\c@part=\count182
\c@section=\count183
\c@subsection=\count184
\c@subsubsection=\count185
\c@paragraph=\count186
\c@subparagraph=\count187
\c@figure=\count188
\c@table=\count189
\abovecaptionskip=\skip47
\belowcaptionskip=\skip48
\bibindent=\dimen138
)
(C:\Users\prave\AppData\Local\Programs\MiKTeX\tex/latex/graphics\graphicx.sty
Package: graphicx 2020/12/05 v1.2c Enhanced LaTeX Graphics (DPC,SPQR)

(C:\Users\prave\AppData\Local\Programs\MiKTeX\tex/latex/graphics\keyval.sty
Package: keyval 2014/10/28 v1.15 key=value parser (DPC)
\KV@toks@=\toks16
)
(C:\Users\prave\AppData\Local\Programs\MiKTeX\tex/latex/graphics\graphics.sty
Package: graphics 2021/03/04 v1.4d Standard LaTeX Graphics (DPC,SPQR)

(C:\Users\prave\AppData\Local\Programs\MiKTeX\tex/latex/graphics\trig.sty
Package: trig 2016/01/03 v1.10 sin cos tan (DPC)
)
(C:\Users\prave\AppData\Local\Programs\MiKTeX\tex/latex/graphics-cfg\graphics.c
fg
File: graphics.cfg 2016/06/04 v1.11 sample graphics configuration
)
Package graphics Info: Driver file: pdftex.def on input line 107.

(C:\Users\prave\AppData\Local\Programs\MiKTeX\tex/latex/graphics-def\pdftex.def
File: pdftex.def 2020/10/05 v1.2a Graphics/color driver for pdftex
))
\Gin@req@height=\dimen139
\Gin@req@width=\dimen140
) (C:\Users\prave\AppData\Local\Programs\MiKTeX\tex/latex/float\float.sty
Package: float 2001/11/08 v1.3d Float enhancements (AL)
\c@float@type=\count190
\float@exts=\toks17
\float@box=\box50
\@float@everytoks=\toks18
\@floatcapt=\box51
)
(C:\Users\prave\AppData\Local\Programs\MiKTeX\tex/latex/hyperref\hyperref.sty
Package: hyperref 2021-06-07 v7.00m Hypertext links for LaTeX

(C:\Users\prave\AppData\Local\Programs\MiKTeX\tex/generic/ltxcmds\ltxcmds.sty
Package: ltxcmds 2020-05-10 v1.25 LaTeX kernel commands for general use (HO)
)
(C:\Users\prave\AppData\Local\Programs\MiKTeX\tex/generic/iftex\iftex.sty
Package: iftex 2020/03/06 v1.0d TeX engine tests
)
(C:\Users\prave\AppData\Local\Programs\MiKTeX\tex/generic/pdftexcmds\pdftexcmds
.sty
Package: pdftexcmds 2020-06-27 v0.33 Utility functions of pdfTeX for LuaTeX (HO
)

(C:\Users\prave\AppData\Local\Programs\MiKTeX\tex/generic/infwarerr\infwarerr.s
ty
Package: infwarerr 2019/12/03 v1.5 Providing info/warning/error messages (HO)
)
Package pdftexcmds Info: \pdf@primitive is available.
Package pdftexcmds Info: \pdf@ifprimitive is available.
Package pdftexcmds Info: \pdfdraftmode found.
)
(C:\Users\prave\AppData\Local\Programs\MiKTeX\tex/generic/kvsetkeys\kvsetkeys.s
ty
Package: kvsetkeys 2019/12/15 v1.18 Key value parser (HO)
)
(C:\Users\prave\AppData\Local\Programs\MiKTeX\tex/generic/kvdefinekeys\kvdefine
keys.sty
Package: kvdefinekeys 2019-12-19 v1.6 Define keys (HO)
)
(C:\Users\prave\AppData\Local\Programs\MiKTeX\tex/generic/pdfescape\pdfescape.s
ty
Package: pdfescape 2019/12/09 v1.15 Implements pdfTeX's escape features (HO)
) (C:\Users\prave\AppData\Local\Programs\MiKTeX\tex/latex/hycolor\hycolor.sty
Package: hycolor 2020-01-27 v1.10 Color options for hyperref/bookmark (HO)
)
(C:\Users\prave\AppData\Local\Programs\MiKTeX\tex/latex/letltxmacro\letltxmacro
.sty
Package: letltxmacro 2019/12/03 v1.6 Let assignment for LaTeX macros (HO)
)
(C:\Users\prave\AppData\Local\Programs\MiKTeX\tex/latex/auxhook\auxhook.sty
Package: auxhook 2019-12-17 v1.6 Hooks for auxiliary files (HO)
)
(C:\Users\prave\AppData\Local\Programs\MiKTeX\tex/latex/kvoptions\kvoptions.sty
Package: kvoptions 2020-10-07 v3.14 Key value format for package options (HO)
)
\@linkdim=\dimen141
\Hy@linkcounter=\count191
\Hy@pagecounter=\count192
 (C:\Users\prave\AppData\Local\Programs\MiKTeX\tex/latex/hyperref\pd1enc.def
File: pd1enc.def 2021-06-07 v7.00m Hyperref: PDFDocEncoding definition (HO)
Now handling font encoding PD1 ...
... no UTF-8 mapping file for font encoding PD1
)
(C:\Users\prave\AppData\Local\Programs\MiKTeX\tex/latex/hyperref\hyperref-langp
atches.def
File: hyperref-langpatches.def 2021-06-07 v7.00m Hyperref: patches for babel la
nguages
)
(C:\Users\prave\AppData\Local\Programs\MiKTeX\tex/generic/intcalc\intcalc.sty
Package: intcalc 2019/12/15 v1.3 Expandable calculations with integers (HO)
)
(C:\Users\prave\AppData\Local\Programs\MiKTeX\tex/generic/etexcmds\etexcmds.sty
Package: etexcmds 2019/12/15 v1.7 Avoid name clashes with e-TeX commands (HO)
)
\Hy@SavedSpaceFactor=\count193
 (C:\Users\prave\AppData\Local\Programs\MiKTeX\tex/latex/hyperref\puenc.def
File: puenc.def 2021-06-07 v7.00m Hyperref: PDF Unicode definition (HO)
Now handling font encoding PU ...
... no UTF-8 mapping file for font encoding PU
)
Package hyperref Info: Hyper figures OFF on input line 4192.
Package hyperref Info: Link nesting OFF on input line 4197.
Package hyperref Info: Hyper index ON on input line 4200.
Package hyperref Info: Plain pages OFF on input line 4207.
Package hyperref Info: Backreferencing OFF on input line 4212.
Package hyperref Info: Implicit mode ON; LaTeX internals redefined.
Package hyperref Info: Bookmarks ON on input line 4445.
\c@Hy@tempcnt=\count194

(C:\Users\prave\AppData\Local\Programs\MiKTeX\tex/latex/url\url.sty
\Urlmuskip=\muskip16
Package: url 2013/09/16  ver 3.4  Verb mode for urls, etc.
)
LaTeX Info: Redefining \url on input line 4804.
\XeTeXLinkMargin=\dimen142

(C:\Users\prave\AppData\Local\Programs\MiKTeX\tex/generic/bitset\bitset.sty
Package: bitset 2019/12/09 v1.3 Handle bit-vector datatype (HO)

(C:\Users\prave\AppData\Local\Programs\MiKTeX\tex/generic/bigintcalc\bigintcalc
.sty
Package: bigintcalc 2019/12/15 v1.5 Expandable calculations on big integers (HO
)
))
\Fld@menulength=\count195
\Field@Width=\dimen143
\Fld@charsize=\dimen144
Package hyperref Info: Hyper figures OFF on input line 6076.
Package hyperref Info: Link nesting OFF on input line 6081.
Package hyperref Info: Hyper index ON on input line 6084.
Package hyperref Info: backreferencing OFF on input line 6091.
Package hyperref Info: Link coloring OFF on input line 6096.
Package hyperref Info: Link coloring with OCG OFF on input line 6101.
Package hyperref Info: PDF/A mode OFF on input line 6106.
LaTeX Info: Redefining \ref on input line 6146.
LaTeX Info: Redefining \pageref on input line 6150.

(C:\Users\prave\AppData\Local\Programs\MiKTeX\tex/latex/base\atbegshi-ltx.sty
Package: atbegshi-ltx 2021/01/10 v1.0c Emulation of the original atbegshi
package with kernel methods
)
\Hy@abspage=\count196
\c@Item=\count197
\c@Hfootnote=\count198
)
Package hyperref Info: Driver (autodetected): hpdftex.
(C:\Users\prave\AppData\Local\Programs\MiKTeX\tex/latex/hyperref\hpdftex.def
File: hpdftex.def 2021-06-07 v7.00m Hyperref driver for pdfTeX

(C:\Users\prave\AppData\Local\Programs\MiKTeX\tex/latex/base\atveryend-ltx.sty
Package: atveryend-ltx 2020/08/19 v1.0a Emulation of the original atvery packag
e
with kernel methods
)
\Fld@listcount=\count199
\c@bookmark@seq@number=\count266

(C:\Users\prave\AppData\Local\Programs\MiKTeX\tex/latex/rerunfilecheck\rerunfil
echeck.sty
Package: rerunfilecheck 2019/12/05 v1.9 Rerun checks for auxiliary files (HO)

(C:\Users\prave\AppData\Local\Programs\MiKTeX\tex/generic/uniquecounter\uniquec
ounter.sty
Package: uniquecounter 2019/12/15 v1.4 Provide unlimited unique counter (HO)
)
Package uniquecounter Info: New unique counter `rerunfilecheck' on input line 2
86.
)
\Hy@SectionHShift=\skip49
)
(C:\Users\prave\AppData\Local\Programs\MiKTeX\tex/latex/l3backend\l3backend-pdf
tex.def
File: l3backend-pdftex.def 2021-07-12 L3 backend support: PDF output (pdfTeX)
\l__color_backend_stack_int=\count267
\l__pdf_internal_box=\box52
) (final_report.aux)
\openout1 = `final_report.aux'.

LaTeX Font Info:    Checking defaults for OML/cmm/m/it on input line 5.
LaTeX Font Info:    ... okay on input line 5.
LaTeX Font Info:    Checking defaults for OMS/cmsy/m/n on input line 5.
LaTeX Font Info:    ... okay on input line 5.
LaTeX Font Info:    Checking defaults for OT1/cmr/m/n on input line 5.
LaTeX Font Info:    ... okay on input line 5.
LaTeX Font Info:    Checking defaults for T1/cmr/m/n on input line 5.
LaTeX Font Info:    ... okay on input line 5.
LaTeX Font Info:    Checking defaults for TS1/cmr/m/n on input line 5.
LaTeX Font Info:    ... okay on input line 5.
LaTeX Font Info:    Checking defaults for OMX/cmex/m/n on input line 5.
LaTeX Font Info:    ... okay on input line 5.
LaTeX Font Info:    Checking defaults for U/cmr/m/n on input line 5.
LaTeX Font Info:    ... okay on input line 5.
LaTeX Font Info:    Checking defaults for PD1/pdf/m/n on input line 5.
LaTeX Font Info:    ... okay on input line 5.
LaTeX Font Info:    Checking defaults for PU/pdf/m/n on input line 5.
LaTeX Font Info:    ... okay on input line 5.

(C:\Users\prave\AppData\Local\Programs\MiKTeX\tex/context/base/mkii\supp-pdf.mk
ii
[Loading MPS to PDF converter (version 2006.09.02).]
\scratchcounter=\count268
\scratchdimen=\dimen145
\scratchbox=\box53
\nofMPsegments=\count269
\nofMParguments=\count270
\everyMPshowfont=\toks19
\MPscratchCnt=\count271
\MPscratchDim=\dimen146
\MPnumerator=\count272
\makeMPintoPDFobject=\count273
\everyMPtoPDFconversion=\toks20
)
(C:\Users\prave\AppData\Local\Programs\MiKTeX\tex/latex/epstopdf-pkg\epstopdf-b
ase.sty
Package: epstopdf-base 2020-01-24 v2.11 Base part for package epstopdf
Package epstopdf-base Info: Redefining graphics rule for `.eps' on input line 4
85.

(C:\Users\prave\AppData\Local\Programs\MiKTeX\tex/latex/00miktex\epstopdf-sys.c
fg
File: epstopdf-sys.cfg 2021/03/18 v2.0 Configuration of epstopdf for MiKTeX
))
Package hyperref Info: Link coloring OFF on input line 5.

(C:\Users\prave\AppData\Local\Programs\MiKTeX\tex/latex/hyperref\nameref.sty
Package: nameref 2021-04-02 v2.47 Cross-referencing by name of section

(C:\Users\prave\AppData\Local\Programs\MiKTeX\tex/latex/refcount\refcount.sty
Package: refcount 2019/12/15 v3.6 Data extraction from label references (HO)
)
(C:\Users\prave\AppData\Local\Programs\MiKTeX\tex/generic/gettitlestring\gettit
lestring.sty
Package: gettitlestring 2019/12/15 v1.6 Cleanup title references (HO)
)
\c@section@level=\count274
)
LaTeX Info: Redefining \ref on input line 5.
LaTeX Info: Redefining \pageref on input line 5.
LaTeX Info: Redefining \nameref on input line 5.
 (final_report.out) (final_report.out)
\@outlinefile=\write3
\openout3 = `final_report.out'.

LaTeX Font Info:    External font `cmex10' loaded for size
(Font)              <12> on input line 11.
LaTeX Font Info:    External font `cmex10' loaded for size
(Font)              <8> on input line 11.
LaTeX Font Info:    External font `cmex10' loaded for size
(Font)              <6> on input line 11.
<figures/transit_illustration.jpg, id=55, 1446.40375pt x 814.04124pt>
File: figures/transit_illustration.jpg Graphic file (type jpg)
<use figures/transit_illustration.jpg>
Package pdftex.def Info: figures/transit_illustration.jpg  used on input line 1
9.
(pdftex.def)             Requested size: 252.77132pt x 142.26378pt.
<figures/exo_multiple_transit.jpg, id=56, 1446.40375pt x 814.04124pt>
File: figures/exo_multiple_transit.jpg Graphic file (type jpg)
<use figures/exo_multiple_transit.jpg>
Package pdftex.def Info: figures/exo_multiple_transit.jpg  used on input line 2
8.
(pdftex.def)             Requested size: 303.33441pt x 170.71652pt.
 [1

{C:/Users/prave/AppData/Local/MiKTeX/pdftex/config/pdftex.map} <./figures/trans
it_illustration.jpg>]
<figures/algol-curve.png, id=69, 1302.89577pt x 671.80563pt>
File: figures/algol-curve.png Graphic file (type png)
<use figures/algol-curve.png>
Package pdftex.def Info: figures/algol-curve.png  used on input line 38.
(pdftex.def)             Requested size: 331.07101pt x 170.71652pt.

[2 <./figures/exo_multiple_transit.jpg>]
<figures/kepler_spacetelescope.jpg, id=78, 1806.75pt x 1053.9375pt>
File: figures/kepler_spacetelescope.jpg Graphic file (type jpg)
<use figures/kepler_spacetelescope.jpg>
Package pdftex.def Info: figures/kepler_spacetelescope.jpg  used on input line 
49.
(pdftex.def)             Requested size: 292.64227pt x 170.71652pt.
 [3 <./figures/algol-curve.png>]
Underfull \hbox (badness 10000) in paragraph at lines 53--54

 []

[4 <./figures/kepler_spacetelescope.jpg>]
LaTeX Font Info:    External font `cmex10' loaded for size
(Font)              <7> on input line 65.
LaTeX Font Info:    External font `cmex10' loaded for size
(Font)              <5> on input line 65.
<figures/lc_detrend_secondaryFP_ex1.png, id=96, 433.62pt x 289.08pt>
File: figures/lc_detrend_secondaryFP_ex1.png Graphic file (type png)
<use figures/lc_detrend_secondaryFP_ex1.png>
Package pdftex.def Info: figures/lc_detrend_secondaryFP_ex1.png  used on input 
line 84.
(pdftex.def)             Requested size: 213.39536pt x 142.26378pt.
 [5]
<figures/phasefolded_secondaryFP_ex1.png, id=104, 433.62pt x 289.08pt>
File: figures/phasefolded_secondaryFP_ex1.png Graphic file (type png)
<use figures/phasefolded_secondaryFP_ex1.png>
Package pdftex.def Info: figures/phasefolded_secondaryFP_ex1.png  used on input
 line 91.
(pdftex.def)             Requested size: 213.39536pt x 142.26378pt.
<figures/phasefolded_ntp_ex2.png, id=105, 433.62pt x 289.08pt>
File: figures/phasefolded_ntp_ex2.png Graphic file (type png)
<use figures/phasefolded_ntp_ex2.png>
Package pdftex.def Info: figures/phasefolded_ntp_ex2.png  used on input line 10
0.
(pdftex.def)             Requested size: 213.39536pt x 142.26378pt.
<figures/phasefolded_CP_ex1.png, id=106, 433.62pt x 289.08pt>
File: figures/phasefolded_CP_ex1.png Graphic file (type png)
<use figures/phasefolded_CP_ex1.png>
Package pdftex.def Info: figures/phasefolded_CP_ex1.png  used on input line 106
.
(pdftex.def)             Requested size: 213.39536pt x 142.26378pt.
 [6 <./figures/lc_detrend_secondaryFP_ex1.png> <./figures/phasefolded_secondary
FP_ex1.png>] [7 <./figures/phasefolded_ntp_ex2.png> <./figures/phasefolded_CP_e
x1.png>]
<figures/lc_detrend_secondaryFP_ex2.png, id=128, 433.62pt x 289.08pt>
File: figures/lc_detrend_secondaryFP_ex2.png Graphic file (type png)
<use figures/lc_detrend_secondaryFP_ex2.png>
Package pdftex.def Info: figures/lc_detrend_secondaryFP_ex2.png  used on input 
line 117.
(pdftex.def)             Requested size: 213.39536pt x 142.26378pt.
<figures/evenoddstagger_secondaryFP_ex2.png, id=129, 433.62pt x 289.08pt>
File: figures/evenoddstagger_secondaryFP_ex2.png Graphic file (type png)
<use figures/evenoddstagger_secondaryFP_ex2.png>
Package pdftex.def Info: figures/evenoddstagger_secondaryFP_ex2.png  used on in
put line 124.
(pdftex.def)             Requested size: 213.39536pt x 142.26378pt.
 [8 <./figures/lc_detrend_secondaryFP_ex2.png> <./figures/evenoddstagger_second
aryFP_ex2.png>]
<figures/rescalexy_secondaryFP.png, id=138, 433.62pt x 289.08pt>
File: figures/rescalexy_secondaryFP.png Graphic file (type png)
<use figures/rescalexy_secondaryFP.png>
Package pdftex.def Info: figures/rescalexy_secondaryFP.png  used on input line 
134.
(pdftex.def)             Requested size: 213.39536pt x 142.26378pt.
<figures/rescalexy_CP.png, id=139, 433.62pt x 289.08pt>
File: figures/rescalexy_CP.png Graphic file (type png)
<use figures/rescalexy_CP.png>
Package pdftex.def Info: figures/rescalexy_CP.png  used on input line 140.
(pdftex.def)             Requested size: 213.39536pt x 142.26378pt.
 [9 <./figures/rescalexy_secondaryFP.png>]
Overfull \hbox (57.45074pt too wide) in paragraph at lines 148--165
[][] 
 []

<figures/psec_hist.png, id=150, 1084.05pt x 361.35pt>
File: figures/psec_hist.png Graphic file (type png)
<use figures/psec_hist.png>
Package pdftex.def Info: figures/psec_hist.png  used on input line 172.
(pdftex.def)             Requested size: 341.42793pt x 113.81102pt.
<figures/psec_class_diff.png, id=151, 722.7pt x 361.35pt>
File: figures/psec_class_diff.png Graphic file (type png)
<use figures/psec_class_diff.png>
Package pdftex.def Info: figures/psec_class_diff.png  used on input line 178.
(pdftex.def)             Requested size: 227.61862pt x 113.81102pt.
[10 <./figures/rescalexy_CP.png>]
<figures/evenodd_class_diff.png, id=160, 722.7pt x 361.35pt>
File: figures/evenodd_class_diff.png Graphic file (type png)
<use figures/evenodd_class_diff.png>
Package pdftex.def Info: figures/evenodd_class_diff.png  used on input line 185
.
(pdftex.def)             Requested size: 227.61862pt x 113.81102pt.
 [11 <./figures/psec_hist.png> <./figures/psec_class_diff.png>]
<figures/ecdf_period.png, id=169, 722.7pt x 361.35pt>
File: figures/ecdf_period.png Graphic file (type png)
<use figures/ecdf_period.png>
Package pdftex.def Info: figures/ecdf_period.png  used on input line 192.
(pdftex.def)             Requested size: 227.61862pt x 113.81102pt.
 [12 <./figures/evenodd_class_diff.png> <./figures/ecdf_period.png>]
<figures/lpp_hexbinplot.png, id=179, 1084.05pt x 361.35pt>
File: figures/lpp_hexbinplot.png Graphic file (type png)
<use figures/lpp_hexbinplot.png>
Package pdftex.def Info: figures/lpp_hexbinplot.png  used on input line 202.
(pdftex.def)             Requested size: 341.42793pt x 113.81102pt.

Overfull \hbox (25.36728pt too wide) in paragraph at lines 208--227
[][] 
 []


Underfull \hbox (badness 10000) in paragraph at lines 230--234

 []

[13 <./figures/lpp_hexbinplot.png>]
<figures/exo_randforest_cfmat.png, id=188, 433.62pt x 289.08pt>
File: figures/exo_randforest_cfmat.png Graphic file (type png)
<use figures/exo_randforest_cfmat.png>
Package pdftex.def Info: figures/exo_randforest_cfmat.png  used on input line 2
55.
(pdftex.def)             Requested size: 256.07178pt x 170.71652pt.
<figures/randforest_feature_imp.png, id=189, 433.62pt x 289.08pt>
File: figures/randforest_feature_imp.png Graphic file (type png)
<use figures/randforest_feature_imp.png>
Package pdftex.def Info: figures/randforest_feature_imp.png  used on input line
 261.
(pdftex.def)             Requested size: 256.07178pt x 170.71652pt.
 [14] [15 <./figures/exo_randforest_cfmat.png> <./figures/randforest_feature_im
p.png>]
<figures/exo_svc_cfmat.png, id=204, 433.62pt x 289.08pt>
File: figures/exo_svc_cfmat.png Graphic file (type png)
<use figures/exo_svc_cfmat.png>
Package pdftex.def Info: figures/exo_svc_cfmat.png  used on input line 287.
(pdftex.def)             Requested size: 256.07178pt x 170.71652pt.
<figures/exo_xgb_cfmat.png, id=205, 433.62pt x 289.08pt>
File: figures/exo_xgb_cfmat.png Graphic file (type png)
<use figures/exo_xgb_cfmat.png>
Package pdftex.def Info: figures/exo_xgb_cfmat.png  used on input line 312.
(pdftex.def)             Requested size: 256.07178pt x 170.71652pt.
 [16 <./figures/exo_svc_cfmat.png>]
<figures/xgb_feature_imp.png, id=213, 433.62pt x 289.08pt>
File: figures/xgb_feature_imp.png Graphic file (type png)
<use figures/xgb_feature_imp.png>
Package pdftex.def Info: figures/xgb_feature_imp.png  used on input line 318.
(pdftex.def)             Requested size: 256.07178pt x 170.71652pt.

[17 <./figures/exo_xgb_cfmat.png>] [18 <./figures/xgb_feature_imp.png>]
[19] (final_report.aux)
Package rerunfilecheck Info: File `final_report.out' has not changed.
(rerunfilecheck)             Checksum: EC503E937E2D50EDF6FCBE968EBA6AA6;2232.
 ) 
Here is how much of TeX's memory you used:
 8130 strings out of 478870
 125383 string characters out of 2848836
 426724 words of memory out of 3000000
 25861 multiletter control sequences out of 15000+600000
 408031 words of font info for 42 fonts, out of 8000000 for 9000
 1141 hyphenation exceptions out of 8191
 60i,10n,66p,1279b,349s stack positions out of 5000i,500n,10000p,200000b,80000s
<C:/Users/prave/AppData/Local/Programs/MiKTeX/fonts/type1/public/amsfonts/cm/
cmbx10.pfb><C:/Users/prave/AppData/Local/Programs/MiKTeX/fonts/type1/public/ams
fonts/cm/cmbx12.pfb><C:/Users/prave/AppData/Local/Programs/MiKTeX/fonts/type1/p
ublic/amsfonts/cm/cmmi10.pfb><C:/Users/prave/AppData/Local/Programs/MiKTeX/font
s/type1/public/amsfonts/cm/cmmi7.pfb><C:/Users/prave/AppData/Local/Programs/MiK
TeX/fonts/type1/public/amsfonts/cm/cmr10.pfb><C:/Users/prave/AppData/Local/Prog
rams/MiKTeX/fonts/type1/public/amsfonts/cm/cmr12.pfb><C:/Users/prave/AppData/Lo
cal/Programs/MiKTeX/fonts/type1/public/amsfonts/cm/cmr17.pfb><C:/Users/prave/Ap
pData/Local/Programs/MiKTeX/fonts/type1/public/amsfonts/cm/cmsy10.pfb><C:/Users
/prave/AppData/Local/Programs/MiKTeX/fonts/type1/public/amsfonts/cm/cmti10.pfb>

Output written on final_report.pdf (19 pages, 1630260 bytes).
PDF statistics:
 295 PDF objects out of 1000 (max. 8388607)
 83 named destinations out of 1000 (max. 500000)
 215 words of extra memory for PDF output out of 10000 (max. 10000000)

